INFO: 2018-07-03 01:42:15,191: write_current_version() 'Writing current version 0.6.9 to .version'
INFO: 2018-07-03 01:42:15,192: perform_upgrade() 'Last run version was 0.6.9 or earlier, current version is 0.6.9'
INFO: 2018-07-03 01:42:15,194: process_command() 'Received command: []'
INFO: 2018-07-03 01:42:15,198: load_banned() 'Missing or invalid banned URLs list, no URLs will be banned'
INFO: 2018-07-03 01:42:15,216: load() 'Jumble loading'
INFO: 2018-07-03 01:42:15,218: _walk_modules() 'Jumble loading module in __init__ from /usr/share/variety/plugins/__init__.py'
INFO: 2018-07-03 01:42:15,218: _walk_modules() 'Jumble loading module in LocalFilesSource from /usr/share/variety/plugins/quotes/LocalFilesSource.py'
INFO: 2018-07-03 01:42:15,221: load() 'Jumble found plugin class: <class 'LocalFilesSource.LocalFilesSource'>: {'author': 'Peter Levi', 'name': 'Local text files', 'version': '0.1', 'description': u'Displays quotes, defined in local text files.\nPut your own txt files in: ~/.config/variety/pluginconfig/quotes/.\nThe file format is:\n\nquote -- author\n.\nsecond quote -- another author\n.\netc...\n\nExample: http://rvelthuis.de/zips/quotes.txt'}'
INFO: 2018-07-03 01:42:15,221: _walk_modules() 'Jumble loading module in GoodreadsSource from /usr/share/variety/plugins/quotes/GoodreadsSource.py'
INFO: 2018-07-03 01:42:15,235: load() 'Jumble found plugin class: <class 'GoodreadsSource.GoodreadsSource'>: {'author': 'Peter Levi', 'name': 'Goodreads', 'version': '0.1', 'description': u'Fetches quotes from Goodreads.com'}'
INFO: 2018-07-03 01:42:15,235: _walk_modules() 'Jumble loading module in QuotesDaddySource from /usr/share/variety/plugins/quotes/QuotesDaddySource.py'
INFO: 2018-07-03 01:42:15,237: load() 'Jumble found plugin class: <class 'QuotesDaddySource.QuotesDaddySource'>: {'author': 'Peter Levi', 'name': 'QuotesDaddy', 'version': '0.1', 'description': u"Fetches quotes from QuotesDaddy's daily quotes RSS feed.\nDoes not support searching by tags or authors."}'
INFO: 2018-07-03 01:42:15,237: _walk_modules() 'Jumble loading module in __init__ from /usr/share/variety/plugins/quotes/__init__.py'
INFO: 2018-07-03 01:42:15,237: _walk_modules() 'Jumble loading module in QuotationsPageSource from /usr/share/variety/plugins/quotes/QuotationsPageSource.py'
INFO: 2018-07-03 01:42:15,240: load() 'Jumble found plugin class: <class 'QuotationsPageSource.QuotationsPageSource'>: {'author': 'Peter Levi', 'name': 'TheQuotationsPage.com', 'version': '0.1', 'description': u'Fetches quotes from TheQuotationsPage.com'}'
INFO: 2018-07-03 01:42:15,248: reload_config() 'Creating new downloader for type 6, location Random wallpapers from Desktoppr.co'
INFO: 2018-07-03 01:42:15,248: reload_config() 'Creating new downloader for type 15, location Bing Photo of the Day'
INFO: 2018-07-03 01:42:15,249: reload_config() 'Creating new downloader for type 16, location High-resolution photos from Unsplash.com'
INFO: 2018-07-03 01:42:15,249: reload_config() 'Creating new downloader for type 8, location NASA's Astronomy Picture of the Day'
INFO: 2018-07-03 01:42:15,249: reload_config() 'Creating new downloader for type 7, location user:www.flickr.com/photos/peter-levi/;user_id:93647178@N00;'
INFO: 2018-07-03 01:42:15,250: log_options() 'Loaded options:'
INFO: 2018-07-03 01:42:15,250: log_options() 'change_enabled = True'
INFO: 2018-07-03 01:42:15,250: log_options() 'change_interval = 300'
INFO: 2018-07-03 01:42:15,251: log_options() 'change_on_start = False'
INFO: 2018-07-03 01:42:15,251: log_options() 'clipboard_enabled = False'
INFO: 2018-07-03 01:42:15,251: log_options() 'clipboard_hosts = [u'wallhaven.cc', u'ns223506.ovh.net', u'wallpapers.net', u'flickr.com', u'imgur.com', u'deviantart.com', u'interfacelift.com', u'vladstudio.com', u'imageshack.us']'
INFO: 2018-07-03 01:42:15,251: log_options() 'clipboard_use_whitelist = True'
INFO: 2018-07-03 01:42:15,251: log_options() 'clock_date_font = Ubuntu Condensed, 30'
INFO: 2018-07-03 01:42:15,251: log_options() 'clock_enabled = False'
INFO: 2018-07-03 01:42:15,252: log_options() 'clock_filter = -density 100 -font `fc-match -f '%{file[0]}' '%CLOCK_FONT_NAME'` -pointsize %CLOCK_FONT_SIZE -gravity SouthEast -fill '#00000044' -annotate 0x0+[%HOFFSET+58]+[%VOFFSET+108] '%H:%M' -fill white -annotate 0x0+[%HOFFSET+60]+[%VOFFSET+110] '%H:%M' -font `fc-match -f '%{file[0]}' '%DATE_FONT_NAME'` -pointsize %DATE_FONT_SIZE -fill '#00000044' -annotate 0x0+[%HOFFSET+58]+[%VOFFSET+58] '%A, %B %d' -fill white -annotate 0x0+[%HOFFSET+60]+[%VOFFSET+60] '%A, %B %d''
INFO: 2018-07-03 01:42:15,252: log_options() 'clock_font = Ubuntu Condensed, 70'
INFO: 2018-07-03 01:42:15,252: log_options() 'configfile = /home/stosh/.config/variety/variety.conf'
INFO: 2018-07-03 01:42:15,252: log_options() 'copyto_enabled = False'
INFO: 2018-07-03 01:42:15,252: log_options() 'copyto_folder = Default'
INFO: 2018-07-03 01:42:15,253: log_options() 'desired_color = None'
INFO: 2018-07-03 01:42:15,253: log_options() 'desired_color_enabled = False'
INFO: 2018-07-03 01:42:15,253: log_options() 'download_enabled = True'
INFO: 2018-07-03 01:42:15,253: log_options() 'download_folder = /home/stosh/.config/variety/Downloaded'
INFO: 2018-07-03 01:42:15,253: log_options() 'download_interval = 600'
INFO: 2018-07-03 01:42:15,253: log_options() 'facebook_message = '
INFO: 2018-07-03 01:42:15,253: log_options() 'facebook_show_dialog = True'
INFO: 2018-07-03 01:42:15,254: log_options() 'favorites_folder = /home/stosh/.config/variety/Favorites'
INFO: 2018-07-03 01:42:15,254: log_options() 'favorites_operations = [[u'Downloaded', u'Copy'], [u'Fetched', u'Move'], [u'Others', u'Copy']]'
INFO: 2018-07-03 01:42:15,254: log_options() 'fetched_folder = /home/stosh/.config/variety/Fetched'
INFO: 2018-07-03 01:42:15,254: log_options() 'filters = [[False, u'Keep original', u''], [False, u'Grayscale', u'-type Grayscale'], [False, u'Heavy blur', u'-blur 120x40'], [False, u'Soft blur', u'-blur 20x7'], [False, u'Oil painting', u'-paint 8'], [False, u'Pencil sketch', u'-colorspace gray \\( +clone -tile ~/.config/variety/pencil_tile.png -draw "color 0,0 reset" +clone +swap -compose color_dodge -composite \\) -fx \'u*.2+v*.8\''], [False, u'Pointilism', u'-spread 10 -noise 3'], [False, u'Pixellate', u'-scale 3% -scale 3333%']]'
INFO: 2018-07-03 01:42:15,254: log_options() 'icon = Light'
INFO: 2018-07-03 01:42:15,254: log_options() 'lightness_enabled = False'
INFO: 2018-07-03 01:42:15,255: log_options() 'lightness_mode = 0'
INFO: 2018-07-03 01:42:15,255: log_options() 'min_rating = 4'
INFO: 2018-07-03 01:42:15,255: log_options() 'min_rating_enabled = False'
INFO: 2018-07-03 01:42:15,255: log_options() 'min_size = 80'
INFO: 2018-07-03 01:42:15,255: log_options() 'min_size_enabled = False'
INFO: 2018-07-03 01:42:15,255: log_options() 'quota_enabled = True'
INFO: 2018-07-03 01:42:15,255: log_options() 'quota_size = 500'
INFO: 2018-07-03 01:42:15,256: log_options() 'quotes_authors = '
INFO: 2018-07-03 01:42:15,256: log_options() 'quotes_bg_color = [80, 80, 80]'
INFO: 2018-07-03 01:42:15,256: log_options() 'quotes_bg_opacity = 55'
INFO: 2018-07-03 01:42:15,256: log_options() 'quotes_change_enabled = False'
INFO: 2018-07-03 01:42:15,256: log_options() 'quotes_change_interval = 300'
INFO: 2018-07-03 01:42:15,256: log_options() 'quotes_disabled_sources = [u'QuotesDaddy']'
INFO: 2018-07-03 01:42:15,257: log_options() 'quotes_enabled = False'
INFO: 2018-07-03 01:42:15,257: log_options() 'quotes_favorites_file = /home/stosh/.config/variety/favorite_quotes.txt'
INFO: 2018-07-03 01:42:15,257: log_options() 'quotes_font = Bitstream Charter 30'
INFO: 2018-07-03 01:42:15,257: log_options() 'quotes_hpos = 100'
INFO: 2018-07-03 01:42:15,257: log_options() 'quotes_tags = '
INFO: 2018-07-03 01:42:15,257: log_options() 'quotes_text_color = [255, 255, 255]'
INFO: 2018-07-03 01:42:15,257: log_options() 'quotes_text_shadow = False'
INFO: 2018-07-03 01:42:15,258: log_options() 'quotes_vpos = 40'
INFO: 2018-07-03 01:42:15,258: log_options() 'quotes_width = 70'
INFO: 2018-07-03 01:42:15,258: log_options() 'safe_mode = False'
INFO: 2018-07-03 01:42:15,258: log_options() 'slideshow_custom_enabled = False'
INFO: 2018-07-03 01:42:15,258: log_options() 'slideshow_custom_folder = /home/stosh/Pictures'
INFO: 2018-07-03 01:42:15,258: log_options() 'slideshow_downloads_enabled = False'
INFO: 2018-07-03 01:42:15,258: log_options() 'slideshow_fade = 0.4'
INFO: 2018-07-03 01:42:15,259: log_options() 'slideshow_favorites_enabled = True'
INFO: 2018-07-03 01:42:15,259: log_options() 'slideshow_mode = Fullscreen'
INFO: 2018-07-03 01:42:15,259: log_options() 'slideshow_monitor = All'
INFO: 2018-07-03 01:42:15,259: log_options() 'slideshow_pan = 0.05'
INFO: 2018-07-03 01:42:15,259: log_options() 'slideshow_seconds = 6.0'
INFO: 2018-07-03 01:42:15,259: log_options() 'slideshow_sort_order = Random'
INFO: 2018-07-03 01:42:15,260: log_options() 'slideshow_sources_enabled = True'
INFO: 2018-07-03 01:42:15,260: log_options() 'slideshow_zoom = 0.2'
INFO: 2018-07-03 01:42:15,260: log_options() 'smart_enabled = False'
INFO: 2018-07-03 01:42:15,260: log_options() 'smart_notice_shown = False'
INFO: 2018-07-03 01:42:15,260: log_options() 'smart_register_shown = False'
INFO: 2018-07-03 01:42:15,260: log_options() 'sources = [[True, 3, u'The Favorites folder'], [True, 4, u'The Fetched folder'], [True, 2, u'/usr/share/backgrounds'], [True, 6, u'Random wallpapers from Desktoppr.co'], [True, 15, u'Bing Photo of the Day'], [True, 16, u'High-resolution photos from Unsplash.com'], [True, 8, u"NASA's Astronomy Picture of the Day"], [False, 11, u'World Sunlight Map - live wallpaper from Die.net'], [True, 7, u'user:www.flickr.com/photos/peter-levi/;user_id:93647178@N00;']]'
INFO: 2018-07-03 01:42:15,261: log_options() 'stats_enabled = True'
INFO: 2018-07-03 01:42:15,261: log_options() 'stats_notice_shown = False'
INFO: 2018-07-03 01:42:15,261: log_options() 'sync_enabled = True'
INFO: 2018-07-03 01:42:15,261: log_options() 'use_landscape_enabled = True'
INFO: 2018-07-03 01:42:15,261: reload_config() 'No need to clear prepared queue'
INFO: 2018-07-03 01:42:15,262: load_last_change_time() 'Change interval < 6 hours, ignore persisted last_change_time, wait initially the whole interval: 300'
INFO: 2018-07-03 01:42:15,262: update_indicator() 'Setting file info to: /home/stosh/.config/variety/Downloaded/Bing/MorondavaBaobab_EN-US11363642614_1920x1080.jpg'
INFO: 2018-07-03 01:42:15,265: regular_change_thread() 'regular_change thread running'
INFO: 2018-07-03 01:42:15,265: prepare_thread() 'Prepare thread running'
INFO: 2018-07-03 01:42:15,266: prepare_thread() 'Prepared buffer contains 0 images'
INFO: 2018-07-03 01:42:15,266: prepare_thread() 'Preparing some images'
INFO: 2018-07-03 01:42:15,282: prepare_thread() 'After search prepared buffer contains 4 images'
INFO: 2018-07-03 01:42:15,363: do_set_wp() 'Calling do_set_wp with /home/stosh/.config/variety/Downloaded/Bing/MorondavaBaobab_EN-US11363642614_1920x1080.jpg, time: 1530607335.36'
INFO: 2018-07-03 01:42:15,368: update_indicator_icon() 'Creating indicator'
WARNING: 2018-07-03 01:42:15,382: create_menu() 'Variety Slideshow is not installed. This is an optional extension adding pan-and-zoom slideshows to Variety: see https://github.com/peterlevi/variety-slideshow for details'
INFO: 2018-07-03 01:42:15,383: create_indicator() 'indicator backend: fallback tray'
INFO: 2018-07-03 01:42:15,385: update_indicator() 'Setting file info to: /home/stosh/.config/variety/Downloaded/Bing/MorondavaBaobab_EN-US11363642614_1920x1080.jpg'
INFO: 2018-07-03 01:42:15,407: set_from_theme_icon() 'Showing status icon variety-indicator from GTK theme'
INFO: 2018-07-03 01:42:15,408: update_indicator() 'Setting file info to: /home/stosh/.config/variety/Downloaded/Bing/MorondavaBaobab_EN-US11363642614_1920x1080.jpg'
INFO: 2018-07-03 01:42:16,771: reload() 'Reloading preferences dialog'
INFO: 2018-07-03 01:42:34,657: create_autostart_entry() 'Creating autostart entry'
INFO: 2018-07-03 01:42:34,658: makedirs() 'Creating folder /home/stosh/.config/autostart/'
INFO: 2018-07-03 01:42:34,658: reload() 'Reloading preferences dialog'
INFO: 2018-07-03 01:42:35,276: server_options_thread() 'Fetching server options from http://tiny.cc/variety-options-063'
INFO: 2018-07-03 01:42:36,060: server_options_thread() 'Fetched server options: {u'unsplash': {u'min_fill_queue_interval': 20000000000, u'min_download_interval': 20000000000}, u'unsplash_v2': {u'min_fill_queue_interval': 1800, u'min_download_interval': 600}, u'wallpapers.net': {u'min_fill_queue_interval': 600, u'min_download_interval': 0}, u'wallhaven': {u'min_fill_queue_interval': 1800, u'min_download_interval': 1800}, u'wallbase': {u'min_fill_queue_interval': 1800, u'min_download_interval': 1800}, u'flickr': {u'min_fill_queue_interval': 1200, u'min_download_interval': 1200}, u'status_message': {u'*': u'', u'0.0.1': u''}}'
INFO: 2018-07-03 01:42:36,202: trigger_download() 'Triggering one download'
INFO: 2018-07-03 01:42:36,246: purge_downloaded() 'Refreshed download folder size: 7 mb'
INFO: 2018-07-03 01:42:36,247: download_one() 'Downloading an image from Bing'
INFO: 2018-07-03 01:42:36,247: download_one() 'Queue size: 0'
INFO: 2018-07-03 01:42:36,247: fill_queue() 'Filling Bing queue from https://www.bing.com/gallery/'
INFO: 2018-07-03 01:42:36,472: fill_queue() 'Bing queue populated with 8 URLs'
INFO: 2018-07-03 01:42:36,473: save_locally() 'Origin URL: https://www.bing.com/gallery/#images/SeattleGreatWheel'
INFO: 2018-07-03 01:42:36,473: save_locally() 'Image URL: https://www.bing.com/az/hprichbg/rb/SeattleGreatWheel_EN-US12789575669_1920x1080.jpg'
INFO: 2018-07-03 01:42:36,473: save_locally() 'Local name: /home/stosh/.config/variety/Downloaded/Bing/SeattleGreatWheel_EN-US12789575669_1920x1080.jpg'
INFO: 2018-07-03 01:42:36,962: save_locally() 'Download complete'
INFO: 2018-07-03 01:42:36,962: update_indicator() 'Setting file info to: /home/stosh/.config/variety/Downloaded/Bing/MorondavaBaobab_EN-US11363642614_1920x1080.jpg'
INFO: 2018-07-03 01:42:36,964: download_one_from() 'Adding downloaded file /home/stosh/.config/variety/Downloaded/Bing/SeattleGreatWheel_EN-US12789575669_1920x1080.jpg to prepared_from_downloads queue'
INFO: 2018-07-03 01:47:15,262: regular_change_thread() 'regular_change changes wallpaper'
INFO: 2018-07-03 01:47:15,263: set_wallpaper() 'Calling set_wallpaper with /home/stosh/.config/variety/Downloaded/Bing/SeattleGreatWheel_EN-US12789575669_1920x1080.jpg'
INFO: 2018-07-03 01:47:15,263: prepare_thread() 'Prepared buffer contains 4 images'
INFO: 2018-07-03 01:47:15,264: do_set_wp() 'Calling do_set_wp with /home/stosh/.config/variety/Downloaded/Bing/SeattleGreatWheel_EN-US12789575669_1920x1080.jpg, time: 1530607635.26'
INFO: 2018-07-03 01:47:15,291: update_indicator() 'Setting file info to: /home/stosh/.config/variety/Downloaded/Bing/SeattleGreatWheel_EN-US12789575669_1920x1080.jpg'
INFO: 2018-07-03 01:52:15,409: regular_change_thread() 'regular_change changes wallpaper'
INFO: 2018-07-03 01:52:15,409: set_wallpaper() 'Calling set_wallpaper with /home/stosh/.config/variety/Downloaded/Bing/MorondavaBaobab_EN-US11363642614_1920x1080.jpg'
INFO: 2018-07-03 01:52:15,410: prepare_thread() 'Prepared buffer contains 3 images'
INFO: 2018-07-03 01:52:15,411: do_set_wp() 'Calling do_set_wp with /home/stosh/.config/variety/Downloaded/Bing/MorondavaBaobab_EN-US11363642614_1920x1080.jpg, time: 1530607935.41'
INFO: 2018-07-03 01:52:15,439: update_indicator() 'Setting file info to: /home/stosh/.config/variety/Downloaded/Bing/MorondavaBaobab_EN-US11363642614_1920x1080.jpg'
INFO: 2018-07-03 01:52:36,246: purge_downloaded() 'Refreshed download folder size: 7 mb'
INFO: 2018-07-03 01:52:36,247: download_one() 'Downloading an image from NASA's Astro Pic of the Day, nasa_apod'
INFO: 2018-07-03 01:52:36,247: download_one() 'Queue size: 0'
INFO: 2018-07-03 01:52:36,247: fill_queue() 'Filling APOD queue from Archive'
INFO: 2018-07-03 01:52:38,993: fill_queue() 'APOD queue populated with 13 URLs'
INFO: 2018-07-03 01:52:38,993: download_one() 'APOD URL: http://apod.nasa.gov/apod/ap180703.html'
INFO: 2018-07-03 01:52:39,658: download_one() 'Image URL: http://apod.nasa.gov/apod/image/1807/PlaneMoon_Kim_4000.jpg'
INFO: 2018-07-03 01:52:39,658: save_locally() 'Origin URL: http://apod.nasa.gov/apod/ap180703.html'
INFO: 2018-07-03 01:52:39,658: save_locally() 'Image URL: http://apod.nasa.gov/apod/image/1807/PlaneMoon_Kim_4000.jpg'
INFO: 2018-07-03 01:52:39,658: save_locally() 'Local name: /home/stosh/.config/variety/Downloaded/nasa_apod/PlaneMoon_Kim_4000.jpg'
INFO: 2018-07-03 01:52:59,455: save_locally() 'Download complete'
INFO: 2018-07-03 01:52:59,458: update_indicator() 'Setting file info to: /home/stosh/.config/variety/Downloaded/Bing/MorondavaBaobab_EN-US11363642614_1920x1080.jpg'
INFO: 2018-07-03 01:52:59,468: prepare_thread() 'Prepared buffer contains 3 images'
INFO: 2018-07-03 01:57:15,545: regular_change_thread() 'regular_change changes wallpaper'
INFO: 2018-07-03 01:57:15,545: set_wallpaper() 'Calling set_wallpaper with /home/stosh/.config/variety/Downloaded/Desktoppr/1305897953-cars-tardis-vector-delorean-back-to-the-future-time-travel-doctor-who-wallpaper.jpg'
INFO: 2018-07-03 01:57:15,546: prepare_thread() 'Prepared buffer contains 2 images'
INFO: 2018-07-03 01:57:15,546: prepare_thread() 'Preparing some images'
INFO: 2018-07-03 01:57:15,548: do_set_wp() 'Calling do_set_wp with /home/stosh/.config/variety/Downloaded/Desktoppr/1305897953-cars-tardis-vector-delorean-back-to-the-future-time-travel-doctor-who-wallpaper.jpg, time: 1530608235.55'
INFO: 2018-07-03 01:57:15,578: prepare_thread() 'After search prepared buffer contains 5 images'
INFO: 2018-07-03 01:57:15,578: update_indicator() 'Setting file info to: /home/stosh/.config/variety/Downloaded/Desktoppr/1305897953-cars-tardis-vector-delorean-back-to-the-future-time-travel-doctor-who-wallpaper.jpg'
INFO: 2018-07-03 02:02:15,687: regular_change_thread() 'regular_change changes wallpaper'
INFO: 2018-07-03 02:02:15,688: set_wallpaper() 'Calling set_wallpaper with /home/stosh/.config/variety/Downloaded/Bing/SeattleGreatWheel_EN-US12789575669_1920x1080.jpg'
INFO: 2018-07-03 02:02:15,688: prepare_thread() 'Prepared buffer contains 4 images'
INFO: 2018-07-03 02:02:15,689: do_set_wp() 'Calling do_set_wp with /home/stosh/.config/variety/Downloaded/Bing/SeattleGreatWheel_EN-US12789575669_1920x1080.jpg, time: 1530608535.69'
INFO: 2018-07-03 02:02:15,717: update_indicator() 'Setting file info to: /home/stosh/.config/variety/Downloaded/Bing/SeattleGreatWheel_EN-US12789575669_1920x1080.jpg'
INFO: 2018-07-03 02:02:36,246: parse_server_options() 'Unsplash.com: parsing serverside options'
INFO: 2018-07-03 02:02:36,247: parse_server_options() 'Unsplash.com serverside options: {u'min_fill_queue_interval': 1800, u'min_download_interval': 600}'
INFO: 2018-07-03 02:02:36,247: download_one() 'Downloading an image from Unsplash'
INFO: 2018-07-03 02:02:36,247: download_one() 'Queue size: 0'
INFO: 2018-07-03 02:02:36,248: fill_queue() 'Filling Unsplash queue from https://api.unsplash.com/photos/?page=16&per_page=30&client_id=072e5048dfcb73a8d9ad59fcf402471518ff8df725df462b0c4fa665f466515a'
INFO: 2018-07-03 02:02:36,589: fill_queue() 'Unsplash populated with 18 URLs'
INFO: 2018-07-03 02:02:36,589: save_locally() 'Origin URL: https://unsplash.com/photos/SClqLCJAMvY?utm_source=Variety+Wallpaper+Changer&utm_medium=referral'
INFO: 2018-07-03 02:02:36,589: save_locally() 'Image URL: https://images.unsplash.com/photo-1530205067371-4baf74246ba0?ixlib=rb-0.3.5&q=85&fm=jpg&crop=entropy&cs=srgb&ixid=eyJhcHBfaWQiOjEyMjF9&s=76b58a679f00a5a44d251f3c82a28b28'
INFO: 2018-07-03 02:02:36,590: save_locally() 'Local name: /home/stosh/.config/variety/Downloaded/Unsplash/photo-1530205067371-4baf74246ba0.jpg'
INFO: 2018-07-03 02:02:37,000: save_locally() 'Download complete'
INFO: 2018-07-03 02:02:37,003: update_indicator() 'Setting file info to: /home/stosh/.config/variety/Downloaded/Bing/SeattleGreatWheel_EN-US12789575669_1920x1080.jpg'
INFO: 2018-07-03 02:02:37,005: download_one_from() 'Adding downloaded file /home/stosh/.config/variety/Downloaded/Unsplash/photo-1530205067371-4baf74246ba0.jpg to prepared_from_downloads queue'
INFO: 2018-07-03 02:07:15,833: regular_change_thread() 'regular_change changes wallpaper'
INFO: 2018-07-03 02:07:15,834: set_wallpaper() 'Calling set_wallpaper with /home/stosh/.config/variety/Downloaded/Unsplash/photo-1530205067371-4baf74246ba0.jpg'
INFO: 2018-07-03 02:07:15,834: prepare_thread() 'Prepared buffer contains 4 images'
INFO: 2018-07-03 02:07:15,836: do_set_wp() 'Calling do_set_wp with /home/stosh/.config/variety/Downloaded/Unsplash/photo-1530205067371-4baf74246ba0.jpg, time: 1530608835.84'
INFO: 2018-07-03 02:07:15,868: update_indicator() 'Setting file info to: /home/stosh/.config/variety/Downloaded/Unsplash/photo-1530205067371-4baf74246ba0.jpg'
